# JRE version: Java(TM) SE Runtime Environment (8.0_05-b13) (build 1.8.0_05-b13)
# Java VM: Java HotSpot(TM) 64-Bit Server VM (25.5-b02 mixed mode windows-amd64 compressed oops)
Heap:
 PSYoungGen      total 206848K, used 103527K [0x00000000eab00000, 0x00000000fe080000, 0x0000000100000000)
  eden space 94208K, 45% used [0x00000000eab00000,0x00000000ed521a30,0x00000000f0700000)
  from space 112640K, 53% used [0x00000000f0700000,0x00000000f41f8460,0x00000000f7500000)
  to   space 109568K, 0% used [0x00000000f7580000,0x00000000f7580000,0x00000000fe080000)
 ParOldGen       total 114176K, used 95298K [0x00000000c0000000, 0x00000000c6f80000, 0x00000000eab00000)
  object space 114176K, 83% used [0x00000000c0000000,0x00000000c5d10960,0x00000000c6f80000)
 Metaspace       used 116714K, capacity 124646K, committed 124928K, reserved 1155072K
  class space    used 16214K, capacity 18836K, committed 18944K, reserved 1048576K
GC Heap History (10 events):
Event: 1250.474 GC heap before
{Heap before GC invocations=64 (full 9):
 PSYoungGen      total 195072K, used 169119K [0x00000000eab00000, 0x00000000fea80000, 0x0000000100000000)
  eden space 90624K, 93% used [0x00000000eab00000,0x00000000efe185e8,0x00000000f0380000)
  from space 104448K, 80% used [0x00000000f7280000,0x00000000fc48f678,0x00000000fd880000)
  to   space 113664K, 0% used [0x00000000f0380000,0x00000000f0380000,0x00000000f7280000)
 ParOldGen       total 94208K, used 68063K [0x00000000c0000000, 0x00000000c5c00000, 0x00000000eab00000)
  object space 94208K, 72% used [0x00000000c0000000,0x00000000c4277f58,0x00000000c5c00000)
 Metaspace       used 110127K, capacity 117585K, committed 117888K, reserved 1148928K
  class space    used 15247K, capacity 17712K, committed 17792K, reserved 1048576K
Event: 1250.511 GC heap after
Heap after GC invocations=64 (full 9):
 PSYoungGen      total 204288K, used 80277K [0x00000000eab00000, 0x00000000fef80000, 0x0000000100000000)
  eden space 90624K, 0% used [0x00000000eab00000,0x00000000eab00000,0x00000000f0380000)
  from space 113664K, 70% used [0x00000000f0380000,0x00000000f51e5550,0x00000000f7280000)
  to   space 116224K, 0% used [0x00000000f7e00000,0x00000000f7e00000,0x00000000fef80000)
 ParOldGen       total 94208K, used 68063K [0x00000000c0000000, 0x00000000c5c00000, 0x00000000eab00000)
  object space 94208K, 72% used [0x00000000c0000000,0x00000000c4277f58,0x00000000c5c00000)
 Metaspace       used 110127K, capacity 117585K, committed 117888K, reserved 1148928K
  class space    used 15247K, capacity 17712K, committed 17792K, reserved 1048576K
}
Event: 1250.511 GC heap before
{Heap before GC invocations=65 (full 10):
 PSYoungGen      total 204288K, used 80277K [0x00000000eab00000, 0x00000000fef80000, 0x0000000100000000)
  eden space 90624K, 0% used [0x00000000eab00000,0x00000000eab00000,0x00000000f0380000)
  from space 113664K, 70% used [0x00000000f0380000,0x00000000f51e5550,0x00000000f7280000)
  to   space 116224K, 0% used [0x00000000f7e00000,0x00000000f7e00000,0x00000000fef80000)
 ParOldGen       total 94208K, used 68063K [0x00000000c0000000, 0x00000000c5c00000, 0x00000000eab00000)
  object space 94208K, 72% used [0x00000000c0000000,0x00000000c4277f58,0x00000000c5c00000)
 Metaspace       used 110127K, capacity 117585K, committed 117888K, reserved 1148928K
  class space    used 15247K, capacity 17712K, committed 17792K, reserved 1048576K
Event: 1251.053 GC heap after
Heap after GC invocations=65 (full 10):
 PSYoungGen      total 204288K, used 44875K [0x00000000eab00000, 0x00000000fef80000, 0x0000000100000000)
  eden space 90624K, 0% used [0x00000000eab00000,0x00000000eab00000,0x00000000f0380000)
  from space 113664K, 39% used [0x00000000f0380000,0x00000000f2f52fd0,0x00000000f7280000)
  to   space 116224K, 0% used [0x00000000f7e00000,0x00000000f7e00000,0x00000000fef80000)
 ParOldGen       total 94208K, used 93910K [0x00000000c0000000, 0x00000000c5c00000, 0x00000000eab00000)
  object space 94208K, 99% used [0x00000000c0000000,0x00000000c5bb5810,0x00000000c5c00000)
 Metaspace       used 109955K, capacity 117015K, committed 117888K, reserved 1148928K
  class space    used 15206K, capacity 17542K, committed 17792K, reserved 1048576K
}
Event: 1283.821 GC heap before
{Heap before GC invocations=66 (full 11):
 PSYoungGen      total 204288K, used 135499K [0x00000000eab00000, 0x00000000fef80000, 0x0000000100000000)
  eden space 90624K, 100% used [0x00000000eab00000,0x00000000f0380000,0x00000000f0380000)
  from space 113664K, 39% used [0x00000000f0380000,0x00000000f2f52fd0,0x00000000f7280000)
  to   space 116224K, 0% used [0x00000000f7e00000,0x00000000f7e00000,0x00000000fef80000)
 ParOldGen       total 94208K, used 93910K [0x00000000c0000000, 0x00000000c5c00000, 0x00000000eab00000)
  object space 94208K, 99% used [0x00000000c0000000,0x00000000c5bb5810,0x00000000c5c00000)
 Metaspace       used 112277K, capacity 119853K, committed 119936K, reserved 1150976K
  class space    used 15494K, capacity 18014K, committed 18048K, reserved 1048576K
Event: 1284.454 GC heap after
Heap after GC invocations=66 (full 11):
 PSYoungGen      total 204288K, used 48418K [0x00000000eab00000, 0x00000000fef80000, 0x0000000100000000)
  eden space 90624K, 53% used [0x00000000eab00000,0x00000000eda48a80,0x00000000f0380000)
  from space 113664K, 0% used [0x00000000f0380000,0x00000000f0380000,0x00000000f7280000)
  to   space 116224K, 0% used [0x00000000f7e00000,0x00000000f7e00000,0x00000000fef80000)
 ParOldGen       total 114176K, used 94206K [0x00000000c0000000, 0x00000000c6f80000, 0x00000000eab00000)
  object space 114176K, 82% used [0x00000000c0000000,0x00000000c5bff910,0x00000000c6f80000)
 Metaspace       used 112277K, capacity 119853K, committed 119936K, reserved 1150976K
  class space    used 15494K, capacity 18014K, committed 18048K, reserved 1048576K
}
Event: 1284.744 GC heap before
{Heap before GC invocations=67 (full 11):
 PSYoungGen      total 204288K, used 90624K [0x00000000eab00000, 0x00000000fef80000, 0x0000000100000000)
  eden space 90624K, 100% used [0x00000000eab00000,0x00000000f0380000,0x00000000f0380000)
  from space 113664K, 0% used [0x00000000f0380000,0x00000000f0380000,0x00000000f7280000)
  to   space 116224K, 0% used [0x00000000f7e00000,0x00000000f7e00000,0x00000000fef80000)
 ParOldGen       total 114176K, used 94206K [0x00000000c0000000, 0x00000000c6f80000, 0x00000000eab00000)
  object space 114176K, 82% used [0x00000000c0000000,0x00000000c5bff910,0x00000000c6f80000)
 Metaspace       used 113705K, capacity 121379K, committed 121600K, reserved 1153024K
  class space    used 15722K, capacity 18307K, committed 18432K, reserved 1048576K
Event: 1284.774 GC heap after
Heap after GC invocations=67 (full 11):
 PSYoungGen      total 197632K, used 51559K [0x00000000eab00000, 0x00000000fe300000, 0x0000000100000000)
  eden space 94208K, 0% used [0x00000000eab00000,0x00000000eab00000,0x00000000f0700000)
  from space 103424K, 49% used [0x00000000f7e00000,0x00000000fb059e98,0x00000000fe300000)
  to   space 112640K, 0% used [0x00000000f0700000,0x00000000f0700000,0x00000000f7500000)
 ParOldGen       total 114176K, used 95298K [0x00000000c0000000, 0x00000000c6f80000, 0x00000000eab00000)
  object space 114176K, 83% used [0x00000000c0000000,0x00000000c5d10960,0x00000000c6f80000)
 Metaspace       used 113705K, capacity 121379K, committed 121600K, reserved 1153024K
  class space    used 15722K, capacity 18307K, committed 18432K, reserved 1048576K
}
Event: 1286.386 GC heap before
{Heap before GC invocations=68 (full 11):
 PSYoungGen      total 197632K, used 145767K [0x00000000eab00000, 0x00000000fe300000, 0x0000000100000000)
  eden space 94208K, 100% used [0x00000000eab00000,0x00000000f0700000,0x00000000f0700000)
  from space 103424K, 49% used [0x00000000f7e00000,0x00000000fb059e98,0x00000000fe300000)
  to   space 112640K, 0% used [0x00000000f0700000,0x00000000f0700000,0x00000000f7500000)
 ParOldGen       total 114176K, used 95298K [0x00000000c0000000, 0x00000000c6f80000, 0x00000000eab00000)
  object space 114176K, 83% used [0x00000000c0000000,0x00000000c5d10960,0x00000000c6f80000)
 Metaspace       used 115904K, capacity 123806K, committed 124032K, reserved 1155072K
  class space    used 16095K, capacity 18701K, committed 18816K, reserved 1048576K
Event: 1286.412 GC heap after
Heap after GC invocations=68 (full 11):
 PSYoungGen      total 206848K, used 60385K [0x00000000eab00000, 0x00000000fe080000, 0x0000000100000000)
  eden space 94208K, 0% used [0x00000000eab00000,0x00000000eab00000,0x00000000f0700000)
  from space 112640K, 53% used [0x00000000f0700000,0x00000000f41f8460,0x00000000f7500000)
  to   space 109568K, 0% used [0x00000000f7580000,0x00000000f7580000,0x00000000fe080000)
 ParOldGen       total 114176K, used 95298K [0x00000000c0000000, 0x00000000c6f80000, 0x00000000eab00000)
  object space 114176K, 83% used [0x00000000c0000000,0x00000000c5d10960,0x00000000c6f80000)
 Metaspace       used 115904K, capacity 123806K, committed 124032K, reserved 1155072K
  class space    used 16095K, capacity 18701K, committed 18816K, reserved 1048576K
}

